# JRE version: OpenJDK Runtime Environment 18.9 (11.0.12+7) (build 11.0.12+7)
# Java VM: OpenJDK 64-Bit Server VM 18.9 (11.0.12+7, mixed mode, sharing, tiered, compressed oops, g1 gc, linux-amd64)
Heap:
 garbage-first heap   total 284672K, used 168574K [0x00000000e0000000, 0x0000000100000000)
  region size 1024K, 90 young (92160K), 6 survivors (6144K)
 Metaspace       used 68761K, capacity 70579K, committed 70852K, reserved 317440K
  class space    used 8600K, capacity 9187K, committed 9216K, reserved 253952K
GC Heap History (20 events):
Event: 42.778 GC heap after
{Heap after GC invocations=27 (full 0):
 garbage-first heap   total 284672K, used 55569K [0x00000000e0000000, 0x0000000100000000)
  region size 1024K, 9 young (9216K), 9 survivors (9216K)
 Metaspace       used 62391K, capacity 63875K, committed 64196K, reserved 311296K
  class space    used 8081K, capacity 8598K, committed 8704K, reserved 253952K
}
Event: 44.384 GC heap before
{Heap before GC invocations=28 (full 0):
 garbage-first heap   total 284672K, used 121105K [0x00000000e0000000, 0x0000000100000000)
  region size 1024K, 73 young (74752K), 9 survivors (9216K)
 Metaspace       used 64555K, capacity 66121K, committed 66372K, reserved 313344K
  class space    used 8245K, capacity 8785K, committed 8832K, reserved 253952K
}
Event: 44.777 GC heap after
{Heap after GC invocations=29 (full 0):
 garbage-first heap   total 284672K, used 58405K [0x00000000e0000000, 0x0000000100000000)
  region size 1024K, 3 young (3072K), 3 survivors (3072K)
 Metaspace       used 64555K, capacity 66121K, committed 66372K, reserved 313344K
  class space    used 8245K, capacity 8785K, committed 8832K, reserved 253952K
}
Event: 46.258 GC heap before
{Heap before GC invocations=29 (full 0):
 garbage-first heap   total 284672K, used 105509K [0x00000000e0000000, 0x0000000100000000)
  region size 1024K, 49 young (50176K), 3 survivors (3072K)
 Metaspace       used 65311K, capacity 66944K, committed 67268K, reserved 313344K
  class space    used 8307K, capacity 8865K, committed 8960K, reserved 253952K
}
Event: 46.278 GC heap after
{Heap after GC invocations=30 (full 0):
 garbage-first heap   total 284672K, used 64651K [0x00000000e0000000, 0x0000000100000000)
  region size 1024K, 7 young (7168K), 7 survivors (7168K)
 Metaspace       used 65311K, capacity 66944K, committed 67268K, reserved 313344K
  class space    used 8307K, capacity 8865K, committed 8960K, reserved 253952K
}
Event: 46.559 GC heap before
{Heap before GC invocations=30 (full 0):
 garbage-first heap   total 284672K, used 113803K [0x00000000e0000000, 0x0000000100000000)
  region size 1024K, 55 young (56320K), 7 survivors (7168K)
 Metaspace       used 65326K, capacity 66944K, committed 67268K, reserved 313344K
  class space    used 8307K, capacity 8865K, committed 8960K, reserved 253952K
}
Event: 46.699 GC heap after
{Heap after GC invocations=31 (full 0):
 garbage-first heap   total 284672K, used 66702K [0x00000000e0000000, 0x0000000100000000)
  region size 1024K, 2 young (2048K), 2 survivors (2048K)
 Metaspace       used 65326K, capacity 66944K, committed 67268K, reserved 313344K
  class space    used 8307K, capacity 8865K, committed 8960K, reserved 253952K
}
Event: 50.642 GC heap before
{Heap before GC invocations=31 (full 0):
 garbage-first heap   total 284672K, used 120974K [0x00000000e0000000, 0x0000000100000000)
  region size 1024K, 56 young (57344K), 2 survivors (2048K)
 Metaspace       used 66320K, capacity 67887K, committed 68164K, reserved 313344K
  class space    used 8404K, capacity 8962K, committed 9088K, reserved 253952K
}
Event: 50.646 GC heap after
{Heap after GC invocations=32 (full 0):
 garbage-first heap   total 284672K, used 68721K [0x00000000e0000000, 0x0000000100000000)
  region size 1024K, 4 young (4096K), 4 survivors (4096K)
 Metaspace       used 66320K, capacity 67887K, committed 68164K, reserved 313344K
  class space    used 8404K, capacity 8962K, committed 9088K, reserved 253952K
}
Event: 52.607 GC heap before
{Heap before GC invocations=32 (full 0):
 garbage-first heap   total 284672K, used 131185K [0x00000000e0000000, 0x0000000100000000)
  region size 1024K, 66 young (67584K), 4 survivors (4096K)
 Metaspace       used 66408K, capacity 68017K, committed 68164K, reserved 313344K
  class space    used 8404K, capacity 8962K, committed 9088K, reserved 253952K
}
Event: 52.630 GC heap after
{Heap after GC invocations=33 (full 0):
 garbage-first heap   total 284672K, used 71178K [0x00000000e0000000, 0x0000000100000000)
  region size 1024K, 7 young (7168K), 7 survivors (7168K)
 Metaspace       used 66408K, capacity 68017K, committed 68164K, reserved 313344K
  class space    used 8404K, capacity 8962K, committed 9088K, reserved 253952K
}
Event: 53.088 GC heap before
{Heap before GC invocations=33 (full 0):
 garbage-first heap   total 284672K, used 143882K [0x00000000e0000000, 0x0000000100000000)
  region size 1024K, 78 young (79872K), 7 survivors (7168K)
 Metaspace       used 66428K, capacity 68087K, committed 68420K, reserved 313344K
  class space    used 8405K, capacity 8963K, committed 9088K, reserved 253952K
}
Event: 53.238 GC heap after
{Heap after GC invocations=34 (full 0):
 garbage-first heap   total 284672K, used 69883K [0x00000000e0000000, 0x0000000100000000)
  region size 1024K, 4 young (4096K), 4 survivors (4096K)
 Metaspace       used 66428K, capacity 68087K, committed 68420K, reserved 313344K
  class space    used 8405K, capacity 8963K, committed 9088K, reserved 253952K
}
Event: 53.706 GC heap before
{Heap before GC invocations=34 (full 0):
 garbage-first heap   total 284672K, used 135419K [0x00000000e0000000, 0x0000000100000000)
  region size 1024K, 69 young (70656K), 4 survivors (4096K)
 Metaspace       used 66713K, capacity 68292K, committed 68676K, reserved 315392K
  class space    used 8409K, capacity 8965K, committed 9088K, reserved 253952K
}
Event: 53.792 GC heap after
{Heap after GC invocations=35 (full 0):
 garbage-first heap   total 284672K, used 79529K [0x00000000e0000000, 0x0000000100000000)
  region size 1024K, 9 young (9216K), 9 survivors (9216K)
 Metaspace       used 66713K, capacity 68292K, committed 68676K, reserved 315392K
  class space    used 8409K, capacity 8965K, committed 9088K, reserved 253952K
}
Event: 54.090 GC heap before
{Heap before GC invocations=35 (full 0):
 garbage-first heap   total 284672K, used 141993K [0x00000000e0000000, 0x0000000100000000)
  region size 1024K, 71 young (72704K), 9 survivors (9216K)
 Metaspace       used 66776K, capacity 68371K, committed 68676K, reserved 315392K
  class space    used 8415K, capacity 8970K, committed 9088K, reserved 253952K
}
Event: 54.099 GC heap after
{Heap after GC invocations=36 (full 0):
 garbage-first heap   total 284672K, used 81815K [0x00000000e0000000, 0x0000000100000000)
  region size 1024K, 4 young (4096K), 4 survivors (4096K)
 Metaspace       used 66776K, capacity 68371K, committed 68676K, reserved 315392K
  class space    used 8415K, capacity 8970K, committed 9088K, reserved 253952K
}
Event: 54.304 GC heap before
{Heap before GC invocations=36 (full 0):
 garbage-first heap   total 284672K, used 153495K [0x00000000e0000000, 0x0000000100000000)
  region size 1024K, 75 young (76800K), 4 survivors (4096K)
 Metaspace       used 66778K, capacity 68371K, committed 68676K, reserved 315392K
  class space    used 8415K, capacity 8970K, committed 9088K, reserved 253952K
}
Event: 54.316 GC heap after
{Heap after GC invocations=37 (full 0):
 garbage-first heap   total 284672K, used 82558K [0x00000000e0000000, 0x0000000100000000)
  region size 1024K, 5 young (5120K), 5 survivors (5120K)
 Metaspace       used 66778K, capacity 68371K, committed 68676K, reserved 315392K
  class space    used 8415K, capacity 8970K, committed 9088K, reserved 253952K
}
Event: 576.342 GC heap before
{Heap before GC invocations=37 (full 0):
 garbage-first heap   total 284672K, used 167550K [0x00000000e0000000, 0x0000000100000000)
  region size 1024K, 89 young (91136K), 5 survivors (5120K)
 Metaspace       used 68761K, capacity 70579K, committed 70852K, reserved 317440K
  class space    used 8600K, capacity 9187K, committed 9216K, reserved 253952K
}

